  Camera.cpp
  Cell.cpp
  Color.cpp
C:\Users\ilyin\GitHub\FractalComplex\FractalComplex\FractalComplex\Color.cpp(22,46): warning C4244:  'argument': conversion from 'double' to 'int', possible loss of data
C:\Users\ilyin\GitHub\FractalComplex\FractalComplex\FractalComplex\Color.cpp(22,37): warning C4244:  'argument': conversion from 'double' to 'int', possible loss of data
C:\Users\ilyin\GitHub\FractalComplex\FractalComplex\FractalComplex\Color.cpp(22,28): warning C4244:  'argument': conversion from 'double' to 'int', possible loss of data
C:\Users\ilyin\GitHub\FractalComplex\FractalComplex\FractalComplex\Color.cpp(22,19): warning C4244:  'argument': conversion from 'double' to 'int', possible loss of data
C:\Users\ilyin\GitHub\FractalComplex\FractalComplex\FractalComplex\Color.cpp(25,46): warning C4244:  'argument': conversion from 'double' to 'int', possible loss of data
C:\Users\ilyin\GitHub\FractalComplex\FractalComplex\FractalComplex\Color.cpp(25,37): warning C4244:  'argument': conversion from 'double' to 'int', possible loss of data
C:\Users\ilyin\GitHub\FractalComplex\FractalComplex\FractalComplex\Color.cpp(25,28): warning C4244:  'argument': conversion from 'double' to 'int', possible loss of data
  Complex.cpp
  Config.cpp
  Control.cpp
  Control.events.cpp
  DrawSystem.basics.cpp
C:\Users\ilyin\GitHub\FractalComplex\FractalComplex\FractalComplex\Color.cpp(25,19): warning C4244:  'argument': conversion from 'double' to 'int', possible loss of data
C:\Users\ilyin\GitHub\FractalComplex\FractalComplex\FractalComplex\DrawSystem.basics.cpp(45,21): warning C4244:  '=': conversion from 'long double' to 'int', possible loss of data
C:\Users\ilyin\GitHub\FractalComplex\FractalComplex\FractalComplex\DrawSystem.basics.cpp(46,21): warning C4244:  '=': conversion from 'long double' to 'int', possible loss of data
C:\Users\ilyin\GitHub\FractalComplex\FractalComplex\FractalComplex\DrawSystem.basics.cpp(47,21): warning C4244:  '=': conversion from 'long double' to 'int', possible loss of data
C:\Users\ilyin\GitHub\FractalComplex\FractalComplex\FractalComplex\DrawSystem.basics.cpp(53,40): warning C4244:  'argument': conversion from 'long double' to 'float', possible loss of data
C:\Users\ilyin\GitHub\FractalComplex\FractalComplex\FractalComplex\DrawSystem.basics.cpp(53,28): warning C4244:  'argument': conversion from 'long double' to 'float', possible loss of data
C:\Users\ilyin\GitHub\FractalComplex\FractalComplex\FractalComplex\DrawSystem.basics.cpp(54,40): warning C4244:  'argument': conversion from 'long double' to 'T', possible loss of data
C:\Users\ilyin\GitHub\FractalComplex\FractalComplex\FractalComplex\DrawSystem.basics.cpp(54,40): warning C4244:         with
C:\Users\ilyin\GitHub\FractalComplex\FractalComplex\FractalComplex\DrawSystem.basics.cpp(54,40): warning C4244:         [
C:\Users\ilyin\GitHub\FractalComplex\FractalComplex\FractalComplex\DrawSystem.basics.cpp(54,40): warning C4244:             T=float
C:\Users\ilyin\GitHub\FractalComplex\FractalComplex\FractalComplex\DrawSystem.basics.cpp(54,40): warning C4244:         ]
C:\Users\ilyin\GitHub\FractalComplex\FractalComplex\FractalComplex\DrawSystem.basics.cpp(54,33): warning C4244:  'argument': conversion from 'long double' to 'T', possible loss of data
C:\Users\ilyin\GitHub\FractalComplex\FractalComplex\FractalComplex\DrawSystem.basics.cpp(54,33): warning C4244:         with
C:\Users\ilyin\GitHub\FractalComplex\FractalComplex\FractalComplex\DrawSystem.basics.cpp(54,33): warning C4244:         [
C:\Users\ilyin\GitHub\FractalComplex\FractalComplex\FractalComplex\DrawSystem.basics.cpp(54,33): warning C4244:             T=float
C:\Users\ilyin\GitHub\FractalComplex\FractalComplex\FractalComplex\DrawSystem.basics.cpp(54,33): warning C4244:         ]
C:\Users\ilyin\GitHub\FractalComplex\FractalComplex\FractalComplex\DrawSystem.basics.cpp(56,27): warning C4244:  'argument': conversion from 'long double' to 'float', possible loss of data
C:\Users\ilyin\GitHub\FractalComplex\FractalComplex\FractalComplex\DrawSystem.basics.cpp(56,24): warning C4244:  'argument': conversion from 'long double' to 'float', possible loss of data
C:\Users\ilyin\GitHub\FractalComplex\FractalComplex\FractalComplex\DrawSystem.basics.cpp(62,40): warning C4244:  'argument': conversion from 'long double' to 'float', possible loss of data
C:\Users\ilyin\GitHub\FractalComplex\FractalComplex\FractalComplex\DrawSystem.basics.cpp(62,28): warning C4244:  'argument': conversion from 'long double' to 'float', possible loss of data
C:\Users\ilyin\GitHub\FractalComplex\FractalComplex\FractalComplex\DrawSystem.basics.cpp(63,40): warning C4244:  'argument': conversion from 'long double' to 'T', possible loss of data
C:\Users\ilyin\GitHub\FractalComplex\FractalComplex\FractalComplex\DrawSystem.basics.cpp(63,40): warning C4244:         with
C:\Users\ilyin\GitHub\FractalComplex\FractalComplex\FractalComplex\DrawSystem.basics.cpp(63,40): warning C4244:         [
C:\Users\ilyin\GitHub\FractalComplex\FractalComplex\FractalComplex\DrawSystem.basics.cpp(63,40): warning C4244:             T=float
C:\Users\ilyin\GitHub\FractalComplex\FractalComplex\FractalComplex\DrawSystem.basics.cpp(63,40): warning C4244:         ]
C:\Users\ilyin\GitHub\FractalComplex\FractalComplex\FractalComplex\DrawSystem.basics.cpp(63,33): warning C4244:  'argument': conversion from 'long double' to 'T', possible loss of data
C:\Users\ilyin\GitHub\FractalComplex\FractalComplex\FractalComplex\DrawSystem.basics.cpp(63,33): warning C4244:         with
C:\Users\ilyin\GitHub\FractalComplex\FractalComplex\FractalComplex\DrawSystem.basics.cpp(63,33): warning C4244:         [
C:\Users\ilyin\GitHub\FractalComplex\FractalComplex\FractalComplex\DrawSystem.basics.cpp(63,33): warning C4244:             T=float
C:\Users\ilyin\GitHub\FractalComplex\FractalComplex\FractalComplex\DrawSystem.basics.cpp(63,33): warning C4244:         ]
C:\Users\ilyin\GitHub\FractalComplex\FractalComplex\FractalComplex\DrawSystem.basics.cpp(67,27): warning C4244:  'argument': conversion from 'long double' to 'float', possible loss of data
C:\Users\ilyin\GitHub\FractalComplex\FractalComplex\FractalComplex\DrawSystem.basics.cpp(67,24): warning C4244:  'argument': conversion from 'long double' to 'float', possible loss of data
C:\Users\ilyin\GitHub\FractalComplex\FractalComplex\FractalComplex\DrawSystem.basics.cpp(76,56): warning C4244:  'argument': conversion from 'T' to 'float', possible loss of data
C:\Users\ilyin\GitHub\FractalComplex\FractalComplex\FractalComplex\DrawSystem.basics.cpp(76,56): warning C4244:         with
C:\Users\ilyin\GitHub\FractalComplex\FractalComplex\FractalComplex\DrawSystem.basics.cpp(76,56): warning C4244:         [
C:\Users\ilyin\GitHub\FractalComplex\FractalComplex\FractalComplex\DrawSystem.basics.cpp(76,56): warning C4244:             T=unsigned int
C:\Users\ilyin\GitHub\FractalComplex\FractalComplex\FractalComplex\DrawSystem.basics.cpp(76,56): warning C4244:         ]
C:\Users\ilyin\GitHub\FractalComplex\FractalComplex\FractalComplex\DrawSystem.basics.cpp(76,35): warning C4244:  'argument': conversion from 'T' to 'float', possible loss of data
C:\Users\ilyin\GitHub\FractalComplex\FractalComplex\FractalComplex\DrawSystem.basics.cpp(76,35): warning C4244:         with
C:\Users\ilyin\GitHub\FractalComplex\FractalComplex\FractalComplex\DrawSystem.basics.cpp(76,35): warning C4244:         [
C:\Users\ilyin\GitHub\FractalComplex\FractalComplex\FractalComplex\DrawSystem.basics.cpp(76,35): warning C4244:             T=unsigned int
C:\Users\ilyin\GitHub\FractalComplex\FractalComplex\FractalComplex\DrawSystem.basics.cpp(76,35): warning C4244:         ]
C:\Users\ilyin\GitHub\FractalComplex\FractalComplex\FractalComplex\DrawSystem.basics.cpp(78,32): warning C4244:  'argument': conversion from 'long double' to 'float', possible loss of data
C:\Users\ilyin\GitHub\FractalComplex\FractalComplex\FractalComplex\DrawSystem.basics.cpp(78,23): warning C4244:  'argument': conversion from 'long double' to 'float', possible loss of data
C:\Users\ilyin\GitHub\FractalComplex\FractalComplex\FractalComplex\DrawSystem.basics.cpp(79,24): warning C4244:  'argument': conversion from 'long double' to 'float', possible loss of data
C:\Users\ilyin\GitHub\FractalComplex\FractalComplex\FractalComplex\DrawSystem.basics.cpp(79,21): warning C4244:  'argument': conversion from 'long double' to 'float', possible loss of data
C:\Users\ilyin\GitHub\FractalComplex\FractalComplex\FractalComplex\DrawSystem.basics.cpp(81,33): warning C4244:  'argument': conversion from 'long double' to 'float', possible loss of data
C:\Users\ilyin\GitHub\FractalComplex\FractalComplex\FractalComplex\DrawSystem.basics.cpp(105,27): warning C4244:  'argument': conversion from 'long double' to 'float', possible loss of data
  DrawSystem.cpp
C:\Users\ilyin\GitHub\FractalComplex\FractalComplex\FractalComplex\DrawSystem.basics.cpp(105,24): warning C4244:  'argument': conversion from 'long double' to 'float', possible loss of data
C:\Users\ilyin\GitHub\FractalComplex\FractalComplex\FractalComplex\DrawSystem.cpp(26,50): warning C4244:  'argument': conversion from 'long double' to 'T', possible loss of data
C:\Users\ilyin\GitHub\FractalComplex\FractalComplex\FractalComplex\DrawSystem.cpp(26,50): warning C4244:         with
C:\Users\ilyin\GitHub\FractalComplex\FractalComplex\FractalComplex\DrawSystem.cpp(26,50): warning C4244:         [
C:\Users\ilyin\GitHub\FractalComplex\FractalComplex\FractalComplex\DrawSystem.cpp(26,50): warning C4244:             T=float
C:\Users\ilyin\GitHub\FractalComplex\FractalComplex\FractalComplex\DrawSystem.cpp(26,50): warning C4244:         ]
C:\Users\ilyin\GitHub\FractalComplex\FractalComplex\FractalComplex\DrawSystem.cpp(26,47): warning C4244:  'argument': conversion from 'long double' to 'T', possible loss of data
C:\Users\ilyin\GitHub\FractalComplex\FractalComplex\FractalComplex\DrawSystem.cpp(26,47): warning C4244:         with
C:\Users\ilyin\GitHub\FractalComplex\FractalComplex\FractalComplex\DrawSystem.cpp(26,47): warning C4244:         [
C:\Users\ilyin\GitHub\FractalComplex\FractalComplex\FractalComplex\DrawSystem.cpp(26,47): warning C4244:             T=float
C:\Users\ilyin\GitHub\FractalComplex\FractalComplex\FractalComplex\DrawSystem.cpp(26,47): warning C4244:         ]
C:\Users\ilyin\GitHub\FractalComplex\FractalComplex\FractalComplex\DrawSystem.cpp(45,13): warning C4244:  'initializing': conversion from 'long double' to 'int', possible loss of data
C:\Users\ilyin\GitHub\FractalComplex\FractalComplex\FractalComplex\DrawSystem.cpp(47,14): warning C4244:  'initializing': conversion from 'long double' to 'int', possible loss of data
C:\Users\ilyin\GitHub\FractalComplex\FractalComplex\FractalComplex\DrawSystem.cpp(53,13): warning C4244:  'initializing': conversion from 'long double' to 'int', possible loss of data
C:\Users\ilyin\GitHub\FractalComplex\FractalComplex\FractalComplex\DrawSystem.cpp(56,14): warning C4244:  'initializing': conversion from 'long double' to 'int', possible loss of data
C:\Users\ilyin\GitHub\FractalComplex\FractalComplex\FractalComplex\DrawSystem.cpp(75,42): warning C4244:  'argument': conversion from 'long double' to 'int', possible loss of data
C:\Users\ilyin\GitHub\FractalComplex\FractalComplex\FractalComplex\DrawSystem.cpp(89,25): warning C4244:  'argument': conversion from 'long double' to 'unsigned int', possible loss of data
  DrawSystem.loadTextures.cpp
  Frame.cpp
  Gamepad.cpp
  geometry.cpp
C:\Users\ilyin\GitHub\FractalComplex\FractalComplex\FractalComplex\DrawSystem.cpp(89,18): warning C4244:  'argument': conversion from 'long double' to 'unsigned int', possible loss of data
C:\Users\ilyin\GitHub\FractalComplex\FractalComplex\FractalComplex\geometry.cpp(84,20): warning C4018:  '<': signed/unsigned mismatch
  getMilliCount.cpp
  main.cpp
  Mouse.cpp
  random.cpp
C:\Users\ilyin\GitHub\FractalComplex\FractalComplex\FractalComplex\geometry.cpp(95,20): warning C4018:  '<': signed/unsigned mismatch
  System.cpp
  Vector2d.cpp
  Generating Code...
C:\Users\ilyin\GitHub\FractalComplex\FractalComplex\FractalComplex\random.cpp(6,22): warning C4244:  'argument': conversion from 'time_t' to 'unsigned int', possible loss of data
C:\Users\ilyin\GitHub\FractalComplex\FractalComplex\FractalComplex\random.cpp(6,22): warning C4244: C:\Users\ilyin\GitHub\FractalComplex\FractalComplex\FractalComplex\Gamepad.cpp(32) : warning C4715: 'Gamepad::get': not all control paths return a value
  FractalComplex.vcxproj -> C:\Users\ilyin\GitHub\FractalComplex\FractalComplex\Debug\FractalComplex.exe
