  DrawSystem.cpp
C:\Users\ilyin\GitHub\FractalComplex\FractalComplex\FractalComplex\DrawSystem.cpp(25,50): warning C4244:  'argument': conversion from 'long double' to 'T', possible loss of data
C:\Users\ilyin\GitHub\FractalComplex\FractalComplex\FractalComplex\DrawSystem.cpp(25,50): warning C4244:         with
C:\Users\ilyin\GitHub\FractalComplex\FractalComplex\FractalComplex\DrawSystem.cpp(25,50): warning C4244:         [
C:\Users\ilyin\GitHub\FractalComplex\FractalComplex\FractalComplex\DrawSystem.cpp(25,50): warning C4244:             T=float
C:\Users\ilyin\GitHub\FractalComplex\FractalComplex\FractalComplex\DrawSystem.cpp(25,50): warning C4244:         ]
C:\Users\ilyin\GitHub\FractalComplex\FractalComplex\FractalComplex\DrawSystem.cpp(25,47): warning C4244:  'argument': conversion from 'long double' to 'T', possible loss of data
C:\Users\ilyin\GitHub\FractalComplex\FractalComplex\FractalComplex\DrawSystem.cpp(25,47): warning C4244:         with
C:\Users\ilyin\GitHub\FractalComplex\FractalComplex\FractalComplex\DrawSystem.cpp(25,47): warning C4244:         [
C:\Users\ilyin\GitHub\FractalComplex\FractalComplex\FractalComplex\DrawSystem.cpp(25,47): warning C4244:             T=float
C:\Users\ilyin\GitHub\FractalComplex\FractalComplex\FractalComplex\DrawSystem.cpp(25,47): warning C4244:         ]
C:\Users\ilyin\GitHub\FractalComplex\FractalComplex\FractalComplex\DrawSystem.cpp(43,13): warning C4244:  'initializing': conversion from 'long double' to 'int', possible loss of data
C:\Users\ilyin\GitHub\FractalComplex\FractalComplex\FractalComplex\DrawSystem.cpp(45,14): warning C4244:  'initializing': conversion from 'long double' to 'int', possible loss of data
C:\Users\ilyin\GitHub\FractalComplex\FractalComplex\FractalComplex\DrawSystem.cpp(63,42): warning C4244:  'argument': conversion from 'long double' to 'int', possible loss of data
C:\Users\ilyin\GitHub\FractalComplex\FractalComplex\FractalComplex\DrawSystem.cpp(76,25): warning C4244:  'argument': conversion from 'long double' to 'unsigned int', possible loss of data
C:\Users\ilyin\GitHub\FractalComplex\FractalComplex\FractalComplex\DrawSystem.cpp(76,18): warning C4244:  'argument': conversion from 'long double' to 'unsigned int', possible loss of data
  Generating code
  3 of 575 functions ( 0.5%) were compiled, the rest were copied from previous compilation.
    0 functions were new in current compilation
    2 functions had inline decision re-evaluated but remain unchanged
  Finished generating code
  FractalComplex.vcxproj -> C:\Users\ilyin\GitHub\FractalComplex\FractalComplex\Release\FractalComplex.exe
